
 Ansys Mechanical Enterprise Academic Student      


 *------------------------------------------------------------------*
 |                                                                  |
 |   W E L C O M E   T O   T H E   A N S Y S (R)  P R O G R A M     |
 |                                                                  |
 *------------------------------------------------------------------*




 ***************************************************************
 *         ANSYS MAPDL 2024 R1          LEGAL NOTICES          *
 ***************************************************************
 *                                                             *
 * Copyright 1971-2024 Ansys, Inc.  All rights reserved.       *
 * Unauthorized use, distribution or duplication is            *
 * prohibited.                                                 *
 *                                                             *
 * Ansys is a registered trademark of Ansys, Inc. or its       *
 * subsidiaries in the United States or other countries.       *
 * See the Ansys, Inc. online documentation or the Ansys, Inc. *
 * documentation CD or online help for the complete Legal      *
 * Notice.                                                     *
 *                                                             *
 ***************************************************************
 *                                                             *
 * THIS ANSYS SOFTWARE PRODUCT AND PROGRAM DOCUMENTATION       *
 * INCLUDE TRADE SECRETS AND CONFIDENTIAL AND PROPRIETARY      *
 * PRODUCTS OF ANSYS, INC., ITS SUBSIDIARIES, OR LICENSORS.    *
 * The software products and documentation are furnished by    *
 * Ansys, Inc. or its subsidiaries under a software license    *
 * agreement that contains provisions concerning               *
 * non-disclosure, copying, length and nature of use,          *
 * compliance with exporting laws, warranties, disclaimers,    *
 * limitations of liability, and remedies, and other           *
 * provisions.  The software products and documentation may be *
 * used, disclosed, transferred, or copied only in accordance  *
 * with the terms and conditions of that software license      *
 * agreement.                                                  *
 *                                                             *
 * Ansys, Inc. is a UL registered                              *
 * ISO 9001:2015 company.                                      *
 *                                                             *
 ***************************************************************
 *                                                             *
 * This product is subject to U.S. laws governing export and   *
 * re-export.                                                  *
 *                                                             *
 * For U.S. Government users, except as specifically granted   *
 * by the Ansys, Inc. software license agreement, the use,     *
 * duplication, or disclosure by the United States Government  *
 * is subject to restrictions stated in the Ansys, Inc.        *
 * software license agreement and FAR 12.212 (for non-DOD      *
 * licenses).                                                  *
 *                                                             *
 ***************************************************************

 2024 R1 
     
 Point Releases and Patches installed:   
     
 Discovery 2024 R1   
 Fluids 2024 R1  
 Ansys Dynamic Reporting 2024 R1 
 SpaceClaim 2024 R1  
 CFX (includes CFD-Post) 2024 R1 
 Chemkin 2024 R1 
 EnSight 2024 R1 
 FENSAP-ICE 2024 R1  
 Fluent (includes CFD-Post) 2024 R1  
 Polyflow (includes CFD-Post) 2024 R1
 Forte (includes EnSight) 2024 R1
 TurboGrid 2024 R1   
 ACIS Geometry Interface 2024 R1 
 AutoCAD Geometry Interface 2024 R1  
 Catia, Version 4 Geometry Interface 2024 R1 
 Catia, Version 5 Geometry Interface 2024 R1 
 Catia, Version 6 Geometry Interface 2024 R1 
 Creo Elements/Direct Modeling Geometry Interface 2024 R1
 Creo Parametric Geometry Interface 2024 R1  
 Inventor Geometry Interface 2024 R1 
 JTOpen Geometry Interface 2024 R1   
 NX Geometry Interface 2024 R1   
 Parasolid Geometry Interface  2024 R1   
 Solid Edge Geometry Interface 2024 R1   
 SOLIDWORKS Geometry Interface 2024 R1   
 Speos 2024 R1   
 Aqwa 2024 R1
 Autodyn 2024 R1 
 Material Calibration App 2024 R1
 Customization Files for User Programmable Features 2024 R1  
 Mechanical Products 2024 R1 
 Motion 2024 R1  
 Academic Student 2024 R1


          *****  MAPDL COMMAND LINE ARGUMENTS  *****
  BATCH MODE REQUESTED (-b)    = NOLIST
  INPUT FILE COPY MODE (-c)    = COPY
  DISTRIBUTED MEMORY PARALLEL REQUESTED
       4 PARALLEL PROCESSES REQUESTED WITH SINGLE THREAD PER PROCESS
    TOTAL OF     4 CORES REQUESTED
  INPUT FILE NAME              = C:\Users\Aryan Kumar\AppData\Local\Temp\WB_Aryan Kumar_21260_2\_ProjectScratch\Scr5A93\dummy.dat
  OUTPUT FILE NAME             = C:\Users\Aryan Kumar\AppData\Local\Temp\WB_Aryan Kumar_21260_2\_ProjectScratch\Scr5A93\solve.out
  START-UP FILE MODE           = NOREAD
  STOP FILE MODE               = NOREAD

 RELEASE= 2024 R1              BUILD= 24.1      UP20231106   VERSION=WINDOWS x64 
 CURRENT JOBNAME=file0  16:54:05  APR 11, 2024 CP=      0.000


 PARAMETER _DS_PROGRESS =     999.0000000    

 /INPUT FILE= ds.dat  LINE=       0



 *** NOTE ***                            CP =       0.094   TIME= 16:54:05
 The /CONFIG,NOELDB command is not valid in a distributed memory         
 parallel solution.  Command is ignored.                                 

 *GET  _WALLSTRT  FROM  ACTI  ITEM=TIME WALL  VALUE=  16.9013889    

 ASSIGN FILE RSTP TO file.rst                                                                                                                                                                                                                                                            

 *** NOTE ***                            CP =       0.109   TIME= 16:54:05
 File= file.rst does not exist and will be created.                      

 *****  MAPDL SOLUTION ROUTINE  *****


 PERFORM A STATIC ANALYSIS
  RESTART WILL BE PERFORMED FOR THE ANALYSIS OF LINEAR PERTURBATION
  RESTART WILL BE PERFORMED BASED ON: 
   PREVIOUS LOADSTEP =      1 SUBSTEP =      1

 RESUME ANSYS DATA FROM FILE NAME=file.rdb                                                                                                                                                                                                                                                            
     DO NOT PLOT ANYTHING

 *** MAPDL GLOBAL STATUS *** 

 TITLE = wbnew--Static Structural (A5)                                         
 ANALYSIS TYPE =  STATIC (STEADY-STATE)
         2 ELEM TYPES DEFINED    MAX ELEM TYPE NUMBER =             2
     17387 ELEMENTS DEFINED      MAX ELEMENT NUMBER =           25299
     30946 NODES DEFINED         MAX NODE NUMBER =              30946
         1 MATERIALS DEFINED     MAX MATERIAL NUMBER =              1
         0 REAL CONSTS DEFINED   MAX REAL CONST NUMBER =            0
         0 SECTIONS DEFINED      MAX SECTION NUMBER =               0
         0 COORD SYS DEFINED     MAX COORD SYS NUMBER =             0
 
 ACTIVE COORDINATE SYSTEM             =          0  (CARTESIAN)
 NUMBER OF DEFINED NODAL CONSTRAINTS  =       4098
 NUMBER OF DEFINED NODAL LOADS        =          0
 NUMBER OF DEFINED COMPONENTS         =          2
 NUMBER OF DEFINED ELEM SURFACE LOADS =        468
 NUMBER OF DEFINED ELEM BODY LOADS    =          0
 NUMBER OF DEFINED NODE BODY FORCES   =          0
 CURRENT LOAD CASE =      0 OF      0
 LOAD SET   =       1
 SUBSTEP    =       1
 TIME/FREQ  =    1.0000    

 INITIAL JOBNAME = file0
 CURRENT JOBNAME = file0

 RESTART PROCEDURE RE-BUILDS BOUNDARY CONDITIONS
 AND LOADING INFO UPTO THE CURRENT LOADSTEP 

 READ ANSYS LOADS DATA FROM FILE= file.ldhi                                                                                                                                                                                                                                                           

 DELETE SOLID MODEL BOUNDARY CONDITIONS
 
 NUMBER OF NODAL CONSTRAINTS DELETED                       =      4098
 NUMBER OF ELEMENT PRESSURES DELETED                       =       468

 SET PARAMETER DIMENSIONS ON  _WB_PROJECTSCRATCH_DIR_BUCKLING
  TYPE=STRI  DIMENSIONS=      248        1        1

 PARAMETER _WB_PROJECTSCRATCH_DIR_BUCKLING(1) = C:\Users\Aryan Kumar\AppData\Local\Temp\WB_Aryan Kumar_21260_2\_ProjectScratch\Scr5A93\

 SET PARAMETER DIMENSIONS ON  _WB_SOLVERFILES_DIR_BUCKLING
  TYPE=STRI  DIMENSIONS=      248        1        1

 PARAMETER _WB_SOLVERFILES_DIR_BUCKLING(1) = C:\Users\Aryan Kumar\AppData\Local\Temp\WB_Aryan Kumar_21260_2\wbnew_files\dp0\SYS-1\MECH\

 SET PARAMETER DIMENSIONS ON  _WB_USERFILES_DIR_BUCKLING
  TYPE=STRI  DIMENSIONS=      248        1        1

 PARAMETER _WB_USERFILES_DIR_BUCKLING(1) = C:\Users\Aryan Kumar\AppData\Local\Temp\WB_Aryan Kumar_21260_2\wbnew_files\user_files\

 TITLE= 
 wbnew--Eigenvalue Buckling (B5)                                               

  ACT Extensions:
      LSDYNA, 2024.1
      5f463412-bd3e-484b-87e7-cbc0a665e474, wbex
 /COM,     ANSYSMotion, 2024.1
      20180725-3f81-49eb-9f31-41364844c769, wbex
  

 PERTURB: Enabling perturbation analysis with prestressed linear buckling solution.
 PERTURB: Enabling perturbation contact status remains the same as in restart step.
 PERTURB: Enabling perturbation to keep all boundary conditions.

 *****  MAPDL SOLVE    COMMAND  *****

 *** MAPDL - ENGINEERING ANALYSIS SYSTEM  RELEASE 2024 R1          24.1     ***
 Ansys Mechanical Enterprise Academic Student      
 01055371  VERSION=WINDOWS x64   16:54:06  APR 11, 2024 CP=      0.344

 wbnew--Eigenvalue Buckling (B5)                                               



                       S O L U T I O N   O P T I O N S

   PROBLEM DIMENSIONALITY. . . . . . . . . . . . .3-D                  
   DEGREES OF FREEDOM. . . . . . UX   UY   UZ  
   ANALYSIS TYPE . . . . . . . . . . . . . . . . .STATIC (STEADY-STATE)
      RESTART. . . . . . . . . . . . . . . . . . .ON
   LINEAR PERTURBATION . . . . . . . . . . . . . .ON
   OFFSET TEMPERATURE FROM ABSOLUTE ZERO . . . . .  273.15    

 *** WARNING ***                         CP =       0.359   TIME= 16:54:06
 Material number 2 (used by element 24832) should normally have at least 
 one MP or one TB type command associated with it.  Output of energy by  
 material may not be available.                                          

 *** NOTE ***                            CP =       0.391   TIME= 16:54:06
 The step data was checked and warning messages were found.              
  Please review output or errors file ( C:\Users\Aryan                   
 Kumar\AppData\Local\Temp\WB_Aryan                                       
 Kumar_21260_2\_ProjectScratch\Scr5A93\file0.err ) for these warning     
 messages.                                                               

                      L O A D   S T E P   O P T I O N S

   SOLUTION TO BE PERTURBED CORRESPONDS TO
      TIME . . . . . . . . . . . . . . . . . . . .  1.0000    
      LOAD STEP. . . . . . . . . . . . . . . . . .     1
      SUBSTEP. . . . . . . . . . . . . . . . . . .     1
   STRESS-STIFFENING . . . . . . . . . . . . . . .    ON

 *** NOTE ***                            CP =       0.750   TIME= 16:54:06
 This SOLVE command is only used to generate the matrices needed to      
 perform the linear perturbation analysis.  The linear perturbation      
 analysis corresponds to time = 1 (load step = 1, substep = 1).  No      
 results are being written.                                              

 *** NOTE ***                            CP =       0.750   TIME= 16:54:06
 The prior(base) analysis is LINEAR, use the total load prescribed in    
 the linear perturbation process to calculate the critical               
 eigen-buckling loads.                                                   


 *** NOTE ***                            CP =       0.750   TIME= 16:54:06
 The PCG solver has automatically set the level of difficulty for this   
 model to 2.                                                             

 LINEAR PERTURBATION ANALYSIS PROCEDURE KEEPS ALL
 BOUNDARY CONDITIONS IN DATABASE


 USE SYM. BLOCK LANCZOS METHOD TO EXTRACT      10 MODES
  EXTRACT EIGENVALUES CENTERED ABOUT   0.0000    

 ERASE THE CURRENT DATABASE OUTPUT CONTROL TABLE.


 WRITE ALL  ITEMS TO THE DATABASE WITH A FREQUENCY OF NONE
   FOR ALL APPLICABLE ENTITIES

 WRITE NSOL ITEMS TO THE DATABASE WITH A FREQUENCY OF ALL 
   FOR ALL APPLICABLE ENTITIES


 EXPAND ALL EXTRACTED MODES
  DO NOT CALCULATE ELEMENT RESULTS

 *GET  ANSINTER_  FROM  ACTI  ITEM=INT        VALUE=  0.00000000    

 *IF  ANSINTER_                         ( =   0.00000     )  NE  
      0                                 ( =   0.00000     )  THEN    

 *ENDIF

 *****  MAPDL SOLVE    COMMAND  *****

 *** WARNING ***                         CP =       1.250   TIME= 16:54:07
 Element shape checking is currently inactive.  Issue SHPP,ON or         
 SHPP,WARN to reactivate, if desired.                                    

 *** NOTE ***                            CP =       1.281   TIME= 16:54:07
 The model data was checked and warning messages were found.             
  Please review output or errors file ( C:\Users\Aryan                   
 Kumar\AppData\Local\Temp\WB_Aryan                                       
 Kumar_21260_2\_ProjectScratch\Scr5A93\file0.err ) for these warning     
 messages.                                                               

 *** SELECTION OF ELEMENT TECHNOLOGIES FOR APPLICABLE ELEMENTS ***
      --- GIVE SUGGESTIONS AND RESET THE KEY OPTIONS ---

 ELEMENT TYPE         1 IS SOLID187. IT IS NOT ASSOCIATED WITH FULLY INCOMPRESSIBLE
 HYPERELASTIC MATERIALS. NO SUGGESTION IS AVAILABLE AND NO RESETTING IS NEEDED.



 *** MAPDL - ENGINEERING ANALYSIS SYSTEM  RELEASE 2024 R1          24.1     ***
 Ansys Mechanical Enterprise Academic Student      
 01055371  VERSION=WINDOWS x64   16:54:07  APR 11, 2024 CP=      1.281

 wbnew--Eigenvalue Buckling (B5)                                               



                       S O L U T I O N   O P T I O N S

   PROBLEM DIMENSIONALITY. . . . . . . . . . . . .3-D                  
   DEGREES OF FREEDOM. . . . . . UX   UY   UZ  
   ANALYSIS TYPE . . . . . . . . . . . . . . . . .BUCKLING             
      EXTRACTION METHOD. . . . . . . . . . . . . .BLOCK LANCZOS
   LINEAR PERTURBATION . . . . . . . . . . . . . .ON
   OFFSET TEMPERATURE FROM ABSOLUTE ZERO . . . . .  273.15    
   PRESTRESS EFFECTS INCLUDED IF AVAILABLE . . . .YES
   GLOBALLY ASSEMBLED MATRIX . . . . . . . . . . .SYMMETRIC  

 *** WARNING ***                         CP =       1.312   TIME= 16:54:07
 Material number 2 (used by element 24832) should normally have at least 
 one MP or one TB type command associated with it.  Output of energy by  
 material may not be available.                                          

 *** NOTE ***                            CP =       1.312   TIME= 16:54:07
 The step data was checked and warning messages were found.              
  Please review output or errors file ( C:\Users\Aryan                   
 Kumar\AppData\Local\Temp\WB_Aryan                                       
 Kumar_21260_2\_ProjectScratch\Scr5A93\file0.err ) for these warning     
 messages.                                                               

                      L O A D   S T E P   O P T I O N S

   LOAD STEP NUMBER. . . . . . . . . . . . . . . .     1
   PRINT OUTPUT CONTROLS . . . . . . . . . . . . .NO PRINTOUT
   DATABASE OUTPUT CONTROLS
      ITEM     FREQUENCY   COMPONENT
       ALL       NONE               
      NSOL        ALL               



  BLOCK LANCZOS CALCULATION OF UP TO    10 EIGENVECTORS.
  NUMBER OF EQUATIONS              =        88740
  MAXIMUM WAVEFRONT                =          318
  MAXIMUM MODES STORED             =           10
  MINIMUM EIGENVALUE               = -0.10000E+31
  MAXIMUM EIGENVALUE               =  0.10000E+31
  CENTER EIGENVALUE                =  0.00000E+00


  Process memory allocated for solver              =    67.190 MB
  Process memory required for in-core solution     =    64.060 MB
  Process memory required for out-of-core solution =    27.724 MB

  Total memory allocated for solver                =   301.575 MB
  Total memory required for in-core solution       =   287.526 MB
  Total memory required for out-of-core solution   =   121.471 MB

 *** NOTE ***                            CP =       2.922   TIME= 16:54:11
 The Distributed Sparse Matrix Solver is currently running in the        
 in-core memory mode.  This memory mode uses the most amount of memory   
 in order to avoid using the hard drive as much as possible, which most  
 often results in the fastest solution time.  This mode is recommended   
 if enough physical memory is present to accommodate all of the solver   
 data.                                                                   

  Process memory required for in-core LANCZOS Workspace             =     92.964607 MB
  Process memory required for out-of-core LANCZOS Workspace         =     1.967232 MB

  Total   memory required for in-core LANCZOS Workspace             =     337.709991 MB
  Total   memory required for out-of-core LANCZOS Workspace         =     7.318146 MB

  Lanczos Memory Mode : INCORE


  >> Shift # 1 :                   : 0 Eigenvalues Converged

  >> Shift # 2 :                   : 0 Eigenvalues Converged

  >> Shift # 3 :                   : 0 Eigenvalues Converged

  >> Shift # 4 :  | |                                : 10 Eigenvalues Converged


 *** MAPDL - ENGINEERING ANALYSIS SYSTEM  RELEASE 2024 R1          24.1     ***
 Ansys Mechanical Enterprise Academic Student      
 01055371  VERSION=WINDOWS x64   16:54:16  APR 11, 2024 CP=      5.406

 wbnew--Eigenvalue Buckling (B5)                                               



  ***** EIGENVALUES (LOAD MULTIPLIERS FOR BUCKLING) *****
            *** FROM BLOCK LANCZOS ITERATION ***

      SHAPE NUMBER   LOAD MULTIPLIER

            1           -58.371481    
            2           -55.738570    
            3           -49.129301    
            4           -44.310532    
            5           -39.590898    
            6           -23.942421    
            7           -18.367274    
            8           -8.3409941    
            9            8.2134713    
           10            45.181615    




 *** MAPDL BINARY FILE STATISTICS
  BUFFER SIZE USED= 16384
       24.625 MB WRITTEN ON ELEMENT MATRIX FILE: file0.emat
       14.562 MB WRITTEN ON ELEMENT SAVED DATA FILE: file0.esav
       22.688 MB WRITTEN ON ASSEMBLED MATRIX FILE: file0.full
        2.062 MB WRITTEN ON MODAL MATRIX FILE: file0.mode
        3.625 MB WRITTEN ON RESULTS FILE: file0.rst
 *************** Write FE CONNECTORS *********

 WRITE OUT CONSTRAINT EQUATIONS TO FILE= file.ce                                                                                                                                                                                                                                                             

 *GET  _NMODALSOLPROC  FROM  ACTI  ITEM=NUMC       VALUE=  4.00000000    

 FINISH SOLUTION PROCESSING


 ***** ROUTINE COMPLETED *****  CP =         5.766



 PRINTOUT RESUMED BY /GOP

 *GET  _WALLASOL  FROM  ACTI  ITEM=TIME WALL  VALUE=  16.9047222    

 *** MAPDL - ENGINEERING ANALYSIS SYSTEM  RELEASE 2024 R1          24.1     ***
 Ansys Mechanical Enterprise Academic Student      
 01055371  VERSION=WINDOWS x64   16:54:17  APR 11, 2024 CP=      5.781

 wbnew--Eigenvalue Buckling (B5)                                               



          ***** MAPDL RESULTS INTERPRETATION (POST1) *****

 *** NOTE ***                            CP =       5.781   TIME= 16:54:17
 Reading results into the database (SET command) will update the current 
 displacement and force boundary conditions in the database with the     
 values from the results file for that load set.  Note that any          
 subsequent solutions will use these values unless action is taken to    
 either SAVE the current values or not overwrite them (/EXIT,NOSAVE).    

 Set Encoding of XML File to:ISO-8859-1

 Set Output of XML File to:
     PARM,     ,     ,     ,     ,     ,     ,     ,     ,     ,     ,     ,
         ,     ,     ,     ,     ,     ,     ,

 DATABASE WRITTEN ON FILE  parm.xml                                                                                                                                                                                                                                                            

 EXIT THE MAPDL POST1 DATABASE PROCESSOR


 ***** ROUTINE COMPLETED *****  CP =         5.891



 PRINTOUT RESUMED BY /GOP

 *GET  _WALLDONE  FROM  ACTI  ITEM=TIME WALL  VALUE=  16.9047222    

 PARAMETER _PREPTIME =     1.000000000    

 PARAMETER _SOLVTIME =     25.00000000    

 PARAMETER _POSTTIME =     0.000000000    

 PARAMETER _TOTALTIM =     26.00000000    

 *GET  _DLBRATIO  FROM  ACTI  ITEM=SOLU DLBR  VALUE=  1.08076392    

 *GET  _COMBTIME  FROM  ACTI  ITEM=SOLU COMB  VALUE= 0.336817200    

 *GET  _SSMODE   FROM  ACTI  ITEM=SOLU SSMM  VALUE=  2.00000000    

 *GET  _NDOFS    FROM  ACTI  ITEM=SOLU NDOF  VALUE=  88740.0000    

 /FCLEAN COMMAND REMOVING ALL LOCAL FILES
 --- Total number of nodes = 30946
 --- Total number of elements = 17387
 --- Element load balance ratio = 1.08076392
 --- Time to combine distributed files = 0.3368172
 --- Sparse memory mode = 2
 --- Number of DOF = 88740

 EXIT MAPDL WITHOUT SAVING DATABASE


 NUMBER OF WARNING MESSAGES ENCOUNTERED=          3
 NUMBER OF ERROR   MESSAGES ENCOUNTERED=          0

+--------------------- M A P D L   S T A T I S T I C S ------------------------+

Release: 2024 R1            Build: 24.1       Update: UP20231106   Platform: WINDOWS x64 
Date Run: 04/11/2024   Time: 16:54     Process ID: 9860
Operating System: Windows 11  (Build: 22631)

Processor Model: Intel(R) Core(TM) i7-10750H CPU @ 2.60GHz

Compiler: Intel(R) Fortran Compiler Classic Version 2021.9  (Build: 20230302)
          Intel(R) C/C++ Compiler Classic Version 2021.9  (Build: 20230302)
          Intel(R) Math Kernel Library Version 2020.0.0 Product Build 20191125
          BLAS Library supplied by Intel(R) MKL

Number of machines requested            :    1
Total number of cores available         :   12
Number of physical cores available      :    6
Number of processes requested           :    4
Number of threads per process requested :    1
Total number of cores requested         :    4 (Distributed Memory Parallel)               
MPI Type: INTELMPI
MPI Version: Intel(R) MPI Library 2021.10 for Windows* OS


GPU Acceleration: Not Requested

Job Name: file0
Input File: dummy.dat

  Core                Machine Name   Working Directory
 -----------------------------------------------------
     0             LAPTOP-7K6J0Q5M   C:\Users\Aryan Kumar\AppData\Local\Temp\WB_Aryan Kumar_21260_2\_ProjectScratch\Scr5A93
     1             LAPTOP-7K6J0Q5M   C:\Users\Aryan Kumar\AppData\Local\Temp\WB_Aryan Kumar_21260_2\_ProjectScratch\Scr5A93
     2             LAPTOP-7K6J0Q5M   C:\Users\Aryan Kumar\AppData\Local\Temp\WB_Aryan Kumar_21260_2\_ProjectScratch\Scr5A93
     3             LAPTOP-7K6J0Q5M   C:\Users\Aryan Kumar\AppData\Local\Temp\WB_Aryan Kumar_21260_2\_ProjectScratch\Scr5A93
 
Latency time from master to core     1 =    3.619 microseconds
Latency time from master to core     2 =    1.806 microseconds
Latency time from master to core     3 =    1.813 microseconds
 
Communication speed from master to core     1 =  6305.67 MB/sec
Communication speed from master to core     2 =  4881.86 MB/sec
Communication speed from master to core     3 =  5293.53 MB/sec

Total CPU time for main thread                    :        4.8 seconds
Total CPU time summed for all threads             :        6.2 seconds

Elapsed time spent obtaining a license            :        0.4 seconds
Elapsed time spent pre-processing model (/PREP7)  :        0.0 seconds
Elapsed time spent solution - preprocessing       :        0.3 seconds
Elapsed time spent computing solution             :        9.8 seconds
Elapsed time spent solution - postprocessing      :        0.3 seconds
Elapsed time spent post-processing model (/POST1) :        0.1 seconds
 
Eigensolver used                                  :            Block Lanczos
Equation solver computational rate                :       41.9 Gflops
Equation solver effective I/O rate                :       16.8 GB/sec

Sum of disk space used on all processes           :      394.4 MB

Sum of memory used on all processes               :      856.0 MB
Sum of memory allocated on all processes          :     3246.0 MB
Physical memory available                         :          8 GB
Total amount of I/O written to disk               :        0.6 GB
Total amount of I/O read from disk                :        0.6 GB

+------------------ E N D   M A P D L   S T A T I S T I C S -------------------+


 *-----------------------------------------------------------------------------*
 |                                                                             |
 |                               RUN COMPLETED                                 |
 |                                                                             |
 |-----------------------------------------------------------------------------|
 |                                                                             |
 |  Ansys MAPDL 2024 R1         Build 24.1         UP20231106    WINDOWS x64   |
 |                                                                             |
 |-----------------------------------------------------------------------------|
 |                                                                             |
 |  Database Requested(-db)     1024 MB     Scratch Memory Requested   1024 MB |
 |  Max Database Used(Master)     23 MB     Max Scratch Used(Master)    214 MB |
 |  Max Database Used(Workers)     1 MB     Max Scratch Used(Workers)   208 MB |
 |  Sum Database Used(All)        26 MB     Sum Scratch Used(All)       830 MB |
 |                                                                             |
 |-----------------------------------------------------------------------------|
 |                                                                             |
 |        CP Time      (sec) =          6.156       Time  =  16:54:18          |
 |        Elapsed Time (sec) =         14.000       Date  =  04/11/2024        |
 |                                                                             |
 *-----------------------------------------------------------------------------*
